<?xml version="1.0" encoding="UTF-8"?>
<!-- Generated by org.testng.reporters.JUnitXMLReporter -->
<testsuite ignored="0" hostname="DESKTOP-72A8A38" failures="2" tests="7" name="Test" time="64.589" errors="0" timestamp="2026-01-18T10:46:30 IST">
  <testcase classname="testCases.TC001_AccountRegistrationTest" name="verify_account_registration" time="11.434"/>
  <testcase classname="testCases.TC002_LoginTest" name="verify_Login" time="3.261"/>
  <testcase classname="testCases.TC_RF_001" name="verify_Account_Registration_Page" time="3.006"/>
  <testcase classname="testCases.TC005_AmazonHomePage" name="verify_AmazonLoginSucessfull" time="6.1"/>
  <testcase classname="testCases.TC003_LoginDDT" name="verify_loginDDT" time="0.0">
    <failure type="java.lang.RuntimeException" message="java.io.FileNotFoundException: .\Software Testing\Manual Testing\Test data.xlsx (The system cannot find the path specified)">
      <![CDATA[java.lang.RuntimeException: java.io.FileNotFoundException: .\Software Testing\Manual Testing\Test data.xlsx (The system cannot find the path specified)
at java.base/java.util.ArrayList.forEach(ArrayList.java:1596)
Caused by: java.io.FileNotFoundException: .\Software Testing\Manual Testing\Test data.xlsx (The system cannot find the path specified)
at java.base/java.io.FileInputStream.open0(Native Method)
at java.base/java.io.FileInputStream.open(FileInputStream.java:213)
at java.base/java.io.FileInputStream.<init>(FileInputStream.java:152)
at java.base/java.io.FileInputStream.<init>(FileInputStream.java:106)
at utilities.ExcelUtility.getRowCount(ExcelUtility.java:32)
at utilities.DataProviders.getData(DataProviders.java:14)
... 29 more
... Removed 34 stack frames]]>
    </failure>
  </testcase> <!-- verify_loginDDT -->
  <testcase classname="testCases.TC006_ClickOnProductAndAddToCart" name="verify_productAddedToCart" time="8.86"/>
  <testcase classname="testCases.TC007_ProductAddedToCart" name="verify_ProductAddedToCart" time="18.879">
    <failure type="java.lang.AssertionError" message="null">
      <![CDATA[java.lang.AssertionError: null
at testCases.TC007_ProductAddedToCart.verify_ProductAddedToCart(TC007_ProductAddedToCart.java:29)
at java.base/java.util.ArrayList.forEach(ArrayList.java:1596)
... Removed 31 stack frames]]>
    </failure>
  </testcase> <!-- verify_ProductAddedToCart -->
</testsuite> <!-- Test -->
