<?xml version="1.0" encoding="UTF-8"?>
<testsuite xmlns:xsi="http://www.w3.org/2001/XMLSchema-instance" xsi:noNamespaceSchemaLocation="https://maven.apache.org/surefire/maven-surefire-plugin/xsd/surefire-test-report.xsd" version="3.0.2" name="TestSuite" time="15.531" tests="1" errors="0" skipped="0" failures="0">
  <properties>
[...]
</properties>
  <testcase name="verify_Login" classname="testCases.TC002_LoginTest" time="4.884">
    <system-out><![CDATA[20:33:44.865 [main] DEBUG org.testng.TestNG suiteXmlPath: "C:\Users\HP\eclipse-workspace\Automation\master.xml"
20:33:45.741 [main] DEBUG io.github.bonigarcia.wdm.WebDriverManager Using WebDriverManager 6.3.2
20:33:46.647 [main] DEBUG io.github.bonigarcia.wdm.cache.ResolutionCache Removing resolution chrome=143 from cache (expired on 2025-12-29T17:02:29.000+0530)
20:33:46.712 [main] DEBUG org.apache.hc.client5.http.impl.classic.InternalHttpClient ex-0000000001 preparing request execution
20:33:46.748 [main] DEBUG org.apache.hc.client5.http.impl.classic.ProtocolExec ex-0000000001 target auth state: UNCHALLENGED
20:33:46.751 [main] DEBUG org.apache.hc.client5.http.impl.classic.ProtocolExec ex-0000000001 proxy auth state: UNCHALLENGED
20:33:46.753 [main] DEBUG org.apache.hc.client5.http.impl.classic.ConnectExec ex-0000000001 acquiring connection with route {s}->[https://raw.githubusercontent.com:443]
20:33:46.753 [main] DEBUG org.apache.hc.client5.http.impl.classic.InternalHttpClient ex-0000000001 acquiring endpoint (3 MINUTES)
20:33:46.759 [main] DEBUG org.apache.hc.client5.http.impl.io.PoolingHttpClientConnectionManager ex-0000000001 endpoint lease request (3 MINUTES) [route: {s}->[https://raw.githubusercontent.com:443]][total available: 0; route allocated: 0 of 5; total allocated: 0 of 25]
20:33:46.774 [main] DEBUG org.apache.hc.client5.http.impl.io.PoolingHttpClientConnectionManager ex-0000000001 endpoint leased [route: {s}->[https://raw.githubusercontent.com:443]][total available: 0; route allocated: 1 of 5; total allocated: 1 of 25]
20:33:46.832 [main] DEBUG org.apache.hc.client5.http.impl.io.PoolingHttpClientConnectionManager ex-0000000001 acquired ep-0000000001
20:33:46.833 [main] DEBUG org.apache.hc.client5.http.impl.classic.InternalHttpClient ex-0000000001 acquired endpoint ep-0000000001
20:33:46.834 [main] DEBUG org.apache.hc.client5.http.impl.classic.ConnectExec ex-0000000001 opening connection {s}->[https://raw.githubusercontent.com:443]
20:33:46.838 [main] DEBUG org.apache.hc.client5.http.impl.classic.InternalHttpClient ep-0000000001 connecting endpoint (null)
20:33:46.842 [main] DEBUG org.apache.hc.client5.http.impl.io.PoolingHttpClientConnectionManager ep-0000000001 connecting endpoint to https://raw.githubusercontent.com:443 (30 SECONDS)
20:33:46.846 [main] DEBUG org.apache.hc.client5.http.impl.io.DefaultHttpClientConnectionOperator raw.githubusercontent.com resolving remote address
20:33:46.946 [main] DEBUG org.apache.hc.client5.http.impl.io.DefaultHttpClientConnectionOperator raw.githubusercontent.com resolved to [raw.githubusercontent.com/185.199.108.133, raw.githubusercontent.com/185.199.109.133, raw.githubusercontent.com/185.199.110.133, raw.githubusercontent.com/185.199.111.133, raw.githubusercontent.com/2606:50c0:8000:0:0:0:0:154, raw.githubusercontent.com/2606:50c0:8001:0:0:0:0:154, raw.githubusercontent.com/2606:50c0:8002:0:0:0:0:154, raw.githubusercontent.com/2606:50c0:8003:0:0:0:0:154]
20:33:46.948 [main] DEBUG org.apache.hc.client5.http.impl.io.DefaultHttpClientConnectionOperator https://raw.githubusercontent.com:443 connecting null->raw.githubusercontent.com/185.199.108.133:443 (30 SECONDS)
20:33:47.070 [main] DEBUG org.apache.hc.client5.http.impl.io.DefaultHttpClientConnectionOperator http-outgoing-0 https://raw.githubusercontent.com:443 connected /172.20.10.4:61549->raw.githubusercontent.com/185.199.108.133:443
20:33:47.071 [main] DEBUG org.apache.hc.client5.http.impl.io.DefaultManagedHttpClientConnection http-outgoing-0 set socket timeout to 3 MINUTES
20:33:47.081 [main] DEBUG org.apache.hc.client5.http.impl.io.DefaultHttpClientConnectionOperator http-outgoing-0 https://raw.githubusercontent.com:443 upgrading to TLS
20:33:47.155 [main] DEBUG org.apache.hc.client5.http.ssl.AbstractClientTlsStrategy Enabled protocols: [TLSv1.3, TLSv1.2]
20:33:47.156 [main] DEBUG org.apache.hc.client5.http.ssl.AbstractClientTlsStrategy Enabled cipher suites: [TLS_AES_256_GCM_SHA384, TLS_AES_128_GCM_SHA256, TLS_CHACHA20_POLY1305_SHA256, TLS_ECDHE_ECDSA_WITH_AES_256_GCM_SHA384, TLS_ECDHE_ECDSA_WITH_AES_128_GCM_SHA256, TLS_ECDHE_ECDSA_WITH_CHACHA20_POLY1305_SHA256, TLS_ECDHE_RSA_WITH_AES_256_GCM_SHA384, TLS_ECDHE_RSA_WITH_CHACHA20_POLY1305_SHA256, TLS_ECDHE_RSA_WITH_AES_128_GCM_SHA256, TLS_DHE_RSA_WITH_AES_256_GCM_SHA384, TLS_DHE_RSA_WITH_CHACHA20_POLY1305_SHA256, TLS_DHE_DSS_WITH_AES_256_GCM_SHA384, TLS_DHE_RSA_WITH_AES_128_GCM_SHA256, TLS_DHE_DSS_WITH_AES_128_GCM_SHA256, TLS_ECDHE_ECDSA_WITH_AES_256_CBC_SHA384, TLS_ECDHE_RSA_WITH_AES_256_CBC_SHA384, TLS_ECDHE_ECDSA_WITH_AES_128_CBC_SHA256, TLS_ECDHE_RSA_WITH_AES_128_CBC_SHA256, TLS_DHE_RSA_WITH_AES_256_CBC_SHA256, TLS_DHE_DSS_WITH_AES_256_CBC_SHA256, TLS_DHE_RSA_WITH_AES_128_CBC_SHA256, TLS_DHE_DSS_WITH_AES_128_CBC_SHA256, TLS_ECDHE_ECDSA_WITH_AES_256_CBC_SHA, TLS_ECDHE_RSA_WITH_AES_256_CBC_SHA, TLS_ECDHE_ECDSA_WITH_AES_128_CBC_SHA, TLS_ECDHE_RSA_WITH_AES_128_CBC_SHA, TLS_DHE_RSA_WITH_AES_256_CBC_SHA, TLS_DHE_DSS_WITH_AES_256_CBC_SHA, TLS_DHE_RSA_WITH_AES_128_CBC_SHA, TLS_DHE_DSS_WITH_AES_128_CBC_SHA, TLS_RSA_WITH_AES_256_GCM_SHA384, TLS_RSA_WITH_AES_128_GCM_SHA256, TLS_RSA_WITH_AES_256_CBC_SHA256, TLS_RSA_WITH_AES_128_CBC_SHA256, TLS_RSA_WITH_AES_256_CBC_SHA, TLS_RSA_WITH_AES_128_CBC_SHA, TLS_EMPTY_RENEGOTIATION_INFO_SCSV]
20:33:47.157 [main] DEBUG org.apache.hc.client5.http.ssl.AbstractClientTlsStrategy Starting handshake (null)
20:33:47.479 [main] DEBUG org.apache.hc.client5.http.ssl.AbstractClientTlsStrategy Secure session established
20:33:47.479 [main] DEBUG org.apache.hc.client5.http.ssl.AbstractClientTlsStrategy  negotiated protocol: TLSv1.3
20:33:47.479 [main] DEBUG org.apache.hc.client5.http.ssl.AbstractClientTlsStrategy  negotiated cipher suite: TLS_AES_128_GCM_SHA256
20:33:47.482 [main] DEBUG org.apache.hc.client5.http.ssl.AbstractClientTlsStrategy  peer principal: CN=*.github.io
20:33:47.482 [main] DEBUG org.apache.hc.client5.http.ssl.AbstractClientTlsStrategy  peer alternative names: [*.github.io, *.github.com, *.githubusercontent.com, github.com, github.io, githubusercontent.com, www.github.com]
20:33:47.483 [main] DEBUG org.apache.hc.client5.http.ssl.AbstractClientTlsStrategy  issuer principal: CN=Sectigo RSA Domain Validation Secure Server CA, O=Sectigo Limited, L=Salford, ST=Greater Manchester, C=GB
20:33:47.484 [main] DEBUG org.apache.hc.client5.http.impl.io.DefaultHttpClientConnectionOperator http-outgoing-0 https://raw.githubusercontent.com:443 upgraded to TLS
20:33:47.484 [main] DEBUG org.apache.hc.client5.http.impl.io.PoolingHttpClientConnectionManager ep-0000000001 connected http-outgoing-0
20:33:47.484 [main] DEBUG org.apache.hc.client5.http.impl.classic.InternalHttpClient ep-0000000001 endpoint connected
20:33:47.485 [main] DEBUG org.apache.hc.client5.http.impl.classic.MainClientExec ex-0000000001 executing GET /bonigarcia/webdrivermanager/master/src/main/resources/commands.properties
20:33:47.486 [main] DEBUG org.apache.hc.client5.http.protocol.RequestAddCookies ex-0000000001 Cookie spec selected: strict
20:33:47.502 [main] DEBUG org.apache.hc.client5.http.impl.classic.InternalHttpClient ep-0000000001 start execution ex-0000000001
20:33:47.503 [main] DEBUG org.apache.hc.client5.http.impl.io.PoolingHttpClientConnectionManager ep-0000000001 executing exchange ex-0000000001 over http-outgoing-0
20:33:47.505 [main] DEBUG org.apache.hc.client5.http.headers http-outgoing-0 >> GET /bonigarcia/webdrivermanager/master/src/main/resources/commands.properties HTTP/1.1
20:33:47.506 [main] DEBUG org.apache.hc.client5.http.headers http-outgoing-0 >> user-agent: Apache-HttpClient/5.0
20:33:47.506 [main] DEBUG org.apache.hc.client5.http.headers http-outgoing-0 >> accept-encoding: gzip, deflate, br
20:33:47.506 [main] DEBUG org.apache.hc.client5.http.headers http-outgoing-0 >> cache-control: max-age=0
20:33:47.506 [main] DEBUG org.apache.hc.client5.http.headers http-outgoing-0 >> connection: keep-alive
20:33:47.506 [main] DEBUG org.apache.hc.client5.http.headers http-outgoing-0 >> Host: raw.githubusercontent.com
20:33:47.507 [main] DEBUG org.apache.hc.client5.http.wire http-outgoing-0 >> "GET /bonigarcia/webdrivermanager/master/src/main/resources/commands.properties HTTP/1.1[\r][\n]"
20:33:47.507 [main] DEBUG org.apache.hc.client5.http.wire http-outgoing-0 >> "user-agent: Apache-HttpClient/5.0[\r][\n]"
20:33:47.507 [main] DEBUG org.apache.hc.client5.http.wire http-outgoing-0 >> "accept-encoding: gzip, deflate, br[\r][\n]"
20:33:47.511 [main] DEBUG org.apache.hc.client5.http.wire http-outgoing-0 >> "cache-control: max-age=0[\r][\n]"
20:33:47.512 [main] DEBUG org.apache.hc.client5.http.wire http-outgoing-0 >> "connection: keep-alive[\r][\n]"
20:33:47.512 [main] DEBUG org.apache.hc.client5.http.wire http-outgoing-0 >> "Host: raw.githubusercontent.com[\r][\n]"
20:33:47.512 [main] DEBUG org.apache.hc.client5.http.wire http-outgoing-0 >> "[\r][\n]"
20:33:47.595 [main] DEBUG org.apache.hc.client5.http.wire http-outgoing-0 << "HTTP/1.1 200 OK[\r][\n]"
20:33:47.595 [main] DEBUG org.apache.hc.client5.http.wire http-outgoing-0 << "Connection: keep-alive[\r][\n]"
20:33:47.596 [main] DEBUG org.apache.hc.client5.http.wire http-outgoing-0 << "Content-Length: 946[\r][\n]"
20:33:47.596 [main] DEBUG org.apache.hc.client5.http.wire http-outgoing-0 << "Cache-Control: max-age=300[\r][\n]"
20:33:47.596 [main] DEBUG org.apache.hc.client5.http.wire http-outgoing-0 << "Content-Security-Policy: default-src 'none'; style-src 'unsafe-inline'; sandbox[\r][\n]"
20:33:47.596 [main] DEBUG org.apache.hc.client5.http.wire http-outgoing-0 << "Content-Type: text/plain; charset=utf-8[\r][\n]"
20:33:47.596 [main] DEBUG org.apache.hc.client5.http.wire http-outgoing-0 << "ETag: W/"dc0c32cea2dfa86f6cf10513cf8a64e1e8817484a415b658b4eecd962d4deaee"[\r][\n]"
20:33:47.596 [main] DEBUG org.apache.hc.client5.http.wire http-outgoing-0 << "Strict-Transport-Security: max-age=31536000[\r][\n]"
20:33:47.596 [main] DEBUG org.apache.hc.client5.http.wire http-outgoing-0 << "X-Content-Type-Options: nosniff[\r][\n]"
20:33:47.597 [main] DEBUG org.apache.hc.client5.http.wire http-outgoing-0 << "X-Frame-Options: deny[\r][\n]"
20:33:47.597 [main] DEBUG org.apache.hc.client5.http.wire http-outgoing-0 << "X-XSS-Protection: 1; mode=block[\r][\n]"
20:33:47.597 [main] DEBUG org.apache.hc.client5.http.wire http-outgoing-0 << "X-GitHub-Request-Id: FE8D:E861F:3DE71D:805CCF:69486A1E[\r][\n]"
20:33:47.597 [main] DEBUG org.apache.hc.client5.http.wire http-outgoing-0 << "Content-Encoding: gzip[\r][\n]"
20:33:47.597 [main] DEBUG org.apache.hc.client5.http.wire http-outgoing-0 << "Accept-Ranges: bytes[\r][\n]"
20:33:47.598 [main] DEBUG org.apache.hc.client5.http.wire http-outgoing-0 << "Date: Mon, 29 Dec 2025 15:03:47 GMT[\r][\n]"
20:33:47.598 [main] DEBUG org.apache.hc.client5.http.wire http-outgoing-0 << "Via: 1.1 varnish[\r][\n]"
20:33:47.598 [main] DEBUG org.apache.hc.client5.http.wire http-outgoing-0 << "X-Served-By: cache-bom-vanm7210037-BOM[\r][\n]"
20:33:47.598 [main] DEBUG org.apache.hc.client5.http.wire http-outgoing-0 << "X-Cache: HIT[\r][\n]"
20:33:47.598 [main] DEBUG org.apache.hc.client5.http.wire http-outgoing-0 << "X-Cache-Hits: 3[\r][\n]"
20:33:47.598 [main] DEBUG org.apache.hc.client5.http.wire http-outgoing-0 << "X-Timer: S1767020627.359586,VS0,VE0[\r][\n]"
20:33:47.598 [main] DEBUG org.apache.hc.client5.http.wire http-outgoing-0 << "Vary: Authorization,Accept-Encoding[\r][\n]"
20:33:47.599 [main] DEBUG org.apache.hc.client5.http.wire http-outgoing-0 << "Access-Control-Allow-Origin: *[\r][\n]"
20:33:47.599 [main] DEBUG org.apache.hc.client5.http.wire http-outgoing-0 << "Cross-Origin-Resource-Policy: cross-origin[\r][\n]"
20:33:47.599 [main] DEBUG org.apache.hc.client5.http.wire http-outgoing-0 << "X-Fastly-Request-ID: 47333bc05bade8c7cfc04dbb5fa9dcd12140f465[\r][\n]"
20:33:47.599 [main] DEBUG org.apache.hc.client5.http.wire http-outgoing-0 << "Expires: Mon, 29 Dec 2025 15:08:47 GMT[\r][\n]"
20:33:47.599 [main] DEBUG org.apache.hc.client5.http.wire http-outgoing-0 << "Source-Age: 297[\r][\n]"
20:33:47.599 [main] DEBUG org.apache.hc.client5.http.wire http-outgoing-0 << "[\r][\n]"
20:33:47.602 [main] DEBUG org.apache.hc.client5.http.headers http-outgoing-0 << HTTP/1.1 200 OK
20:33:47.603 [main] DEBUG org.apache.hc.client5.http.headers http-outgoing-0 << Connection: keep-alive
20:33:47.603 [main] DEBUG org.apache.hc.client5.http.headers http-outgoing-0 << Content-Length: 946
20:33:47.603 [main] DEBUG org.apache.hc.client5.http.headers http-outgoing-0 << Cache-Control: max-age=300
20:33:47.603 [main] DEBUG org.apache.hc.client5.http.headers http-outgoing-0 << Content-Security-Policy: default-src 'none'; style-src 'unsafe-inline'; sandbox
20:33:47.603 [main] DEBUG org.apache.hc.client5.http.headers http-outgoing-0 << Content-Type: text/plain; charset=utf-8
20:33:47.603 [main] DEBUG org.apache.hc.client5.http.headers http-outgoing-0 << ETag: W/"dc0c32cea2dfa86f6cf10513cf8a64e1e8817484a415b658b4eecd962d4deaee"
20:33:47.604 [main] DEBUG org.apache.hc.client5.http.headers http-outgoing-0 << Strict-Transport-Security: max-age=31536000
20:33:47.604 [main] DEBUG org.apache.hc.client5.http.headers http-outgoing-0 << X-Content-Type-Options: nosniff
20:33:47.604 [main] DEBUG org.apache.hc.client5.http.headers http-outgoing-0 << X-Frame-Options: deny
20:33:47.604 [main] DEBUG org.apache.hc.client5.http.headers http-outgoing-0 << X-XSS-Protection: 1; mode=block
20:33:47.608 [main] DEBUG org.apache.hc.client5.http.headers http-outgoing-0 << X-GitHub-Request-Id: FE8D:E861F:3DE71D:805CCF:69486A1E
20:33:47.609 [main] DEBUG org.apache.hc.client5.http.headers http-outgoing-0 << Content-Encoding: gzip
20:33:47.609 [main] DEBUG org.apache.hc.client5.http.headers http-outgoing-0 << Accept-Ranges: bytes
20:33:47.609 [main] DEBUG org.apache.hc.client5.http.headers http-outgoing-0 << Date: Mon, 29 Dec 2025 15:03:47 GMT
20:33:47.609 [main] DEBUG org.apache.hc.client5.http.headers http-outgoing-0 << Via: 1.1 varnish
20:33:47.610 [main] DEBUG org.apache.hc.client5.http.headers http-outgoing-0 << X-Served-By: cache-bom-vanm7210037-BOM
20:33:47.610 [main] DEBUG org.apache.hc.client5.http.headers http-outgoing-0 << X-Cache: HIT
20:33:47.611 [main] DEBUG org.apache.hc.client5.http.headers http-outgoing-0 << X-Cache-Hits: 3
20:33:47.611 [main] DEBUG org.apache.hc.client5.http.headers http-outgoing-0 << X-Timer: S1767020627.359586,VS0,VE0
20:33:47.611 [main] DEBUG org.apache.hc.client5.http.headers http-outgoing-0 << Vary: Authorization,Accept-Encoding
20:33:47.611 [main] DEBUG org.apache.hc.client5.http.headers http-outgoing-0 << Access-Control-Allow-Origin: *
20:33:47.611 [main] DEBUG org.apache.hc.client5.http.headers http-outgoing-0 << Cross-Origin-Resource-Policy: cross-origin
20:33:47.612 [main] DEBUG org.apache.hc.client5.http.headers http-outgoing-0 << X-Fastly-Request-ID: 47333bc05bade8c7cfc04dbb5fa9dcd12140f465
20:33:47.612 [main] DEBUG org.apache.hc.client5.http.headers http-outgoing-0 << Expires: Mon, 29 Dec 2025 15:08:47 GMT
20:33:47.612 [main] DEBUG org.apache.hc.client5.http.headers http-outgoing-0 << Source-Age: 297
20:33:47.615 [main] DEBUG org.apache.hc.client5.http.impl.classic.MainClientExec ex-0000000001 connection can be kept alive for 3 MINUTES
20:33:47.643 [main] DEBUG org.apache.hc.client5.http.wire http-outgoing-0 << "[0x1f][0xffffff8b][0x8][0x0][0x0][0x0][0x0][0x0][0x0][0x3][0xffffffb5]X[0xffffffd1]n[0xffffffda]0[0x14]}[0xffffffe7]+,[0xffffffba]J [0x11][0xffffffb2][0x1][0xffffffeb][0xffffffaa]Jy[0xffffffa0][0x19]e[0xffffffd5][0xffffffa8]`[0xffffffd0]v[0xffffff9b][0xffffffe4][0x17][0xffffff93]8`)[0xffffff89]Q[0xffffff9c]@[0xffffffb7][0xffffffa9][0xfffffffb][0xfffffff6]9NB[0xffffffe3]$[0xc]H[0xffffffe0][0xffffffad][0xffffff8e][0xffffff8f][0xffffffef]97[0xffffffdc]s}[0xffffffd3][0xb][0xffffffa0]S[0xffffffc7]A[0xffffffae][0xffffffc9][0xffffff80][0xffffff89]|4G[0xc][0xffffffd7].[0xffffffc0][0xffffffe3][0xffffff92]0`[0x11][0x1b][0x3][0xffffff83][0xffffffba]>".[0x3][0xfffffffe]2\[0xffffffc4]P[0xffffff9f][0xffffff82]9[0x6][0xfffffff8][0x5][0x1b][0xffffff81][0xffffff8f]M@\[0xffffffb1][0xffffffcd][0xffffff96][0xffffffd8][0xffffffb6][0xffffffc3][0x5][0xfffffff5]L[0xffffffec][0xffffff85] [0x13][0xfffffffb][0xffffffd8][0xfffffff0][0xffffffc5][0xffffffe6][0x1a]{[0xffffff8c]P[0xffffffbe]g[0x1][0xffffffcc][0xffffffff]^x[0x18][0xffffffbb]`[0xffffffee][0xffffffd1][\r][0xffffffe3][0x1b][0xffffff9c][0xffffffb2][0xffffffa1]/=[0xffffffea][0xffffffe0][0x16][0xffffffb8]#[0x1e][0xffffffb6][0xffffffe8]K[0xb][0xffffff8c]W[0xffffffd8]C-00[0x17][0xfffffffc][0xffffffa9][0xffffffd8]%[0xffffff81][0xffffffd3][0xc][0xffffffe3][0xffffff9b][0xffffffc4][0xffffffb2][0xffffffb0][0xffffff87]][0x1f][0xffffffd0][0x10][0xffffffe3][0x13]w[0x1][0xffffffd8]/[0xffffffe6]c[0xffffff87][0xffffff81][0xffffffc6]w[0xffffffe2][0xffffff9a]<j[0xb][0xffffff8c][0xffffff88][0x1b][0xfffffff0]0[0xf][0xffffffc8][0x0][0xffffffe3]Y[0xffffffb3][0xffffffc6]9"[0xffffff8a]Z[0xffffff9c]F[0xffffffdb][0x10][0xffffffcb][0xfffffff6]&:[0xffffffd0]~[0xffffffff]A3[0x1c][0xffffffb3][0xffffffcd][0xffffffb3][0x2][0xffffffaa][0xe]6[0xe]1[0xffffffc4]+[0x11][0xffffffaf]a[0xffffffb3][0xffffffe4]|[0xffffffc0]E[0xe][0xffffffd6][0xffffffea][0xffffff97][0xffffff93][0xffffffe9]x8[0xffffffed]?[0xffffffdc][0xffffffdd][0xffffff8f][0x6][0xffffffb3][0x1b][0xffffffa8]Ax[0x9][0xffffffe1][0xffffff90][0xffffffd2][0xffffff85][0xffffff8d]![0xffffff8c]( [0xffffffec][0xffffffaf]V61[0xffffffb8]4[0xffffffea]B[0x18][0x13][0xfffffff1][0xffffffc8]u[0xffffffb0][0xffffffc0]>x[0xffffff8e][0xffffffdf][0xffffff85][0xffffffba]Fv[0xffffffb0][O[0xffffffa7][0xffffff84][0xffffff9e][0xffffffc6][0xffffff8f][0xffffffeb][0xffffffab][0xffffffe6]9Eu[0xf][0x14]5[0x1a][0xffffffeb][0xfffffffd]Q[0x7f]2[0xfffffff9][0xffffffdc][0x7f][0xffffffec][0xffffff9f]SOO[0xffffff9b][0xe][0xffffff86][0xffffffe0][0xffffffdb][0xffffffd3]`[0xfffffffa][0x13]|[0xfffffff9][0xffffffaa]?[0xffffffc1][0x19][0xffffffb5][0xfffffffc][\r][0xfffffff2]p[0xffffffc2][0x16][0xffffff93][0xffffffdd][0xffffff8e]n12D[0xffffffbc][0xffffffa4][0x16]w[0xffffffc6][0xfffffffc][0xffffffa8][0xffffffad][0xffffffe8][0xffffff86]c[0xffffffc2]z[0x16][0xffffffa9]*[0xffffffb1]I@c[0xffffff88]}[0xffffffe5][0xffffff9e][0x17][0x1a][0xffffffa8][0xffffffbf][0xfffffffb][0xffffff83][0xffffffdd][0xfffffff5]M:[0xffffffcd][0xffffffd7][0xc]e:[0xffffffbd]Tv[0xffffffcd]v[0xffffff9c][0xffffffda][0xffffffbd]k[0xffffffd1][0xfffffff6][0xffffffc4][0xffffffa3]f`[0xfffffff8][0xffffffcf]{$][0x1d].)W[0xe][0xffffffe7][0xffffffd4][0xfffffff5][0xffffffa9][0xffffff9c][0xffffffae]SH[0xffffffca]j[0xffffffb2]C[0xffffffbf][0xffffff87].V[0x3][0xffffffe6][0xffffffa9]s[0xffffffe2][0xffffffaa][0xb][0xffffffc1][0xffffffa1]D[0xfffffffb]@Qv[0xfffffffc][0xffffffee][0xfffffff1][0xffffffc1][0xffffff8e][0xffffffb6][0xb][0xffffff9f]=[0xffffffe0] C[0xfffffff0][0xffffffa4]T35J([0xffffffee]1m[0xffffffb4]Z[0xffffffa9]:[0xffffffef][0xffffff9d][0xffffffbc]I1[0xffffff95][0xffffffb7][0xffffffa0][0xfffffff1]L[0x6][0xffffffa4][0xffffffa3][0xfffffff3][0xffffffce][0x14]7[0xffffffbd]-[0xffffff91][0x15][0xffffffad]O[0xffffffd3][0xffffff9b][0x1e][0xffffffe8]ob[0xffffffdb](![0xffffff81]0[0xffffff89][0xffffffbe][0xffffffcf]k9[0x15][0xffffff95];[0xffffffd2][0xffffffe9][0xffffffa4]tS[0xffffffbe][0xffffffaf][0xffffffcb][0xffffffc6][0xffffff8f]I[0xffffffb2]d[0xfffffff5][0xffffffd0][0xfffffffa]z[0xffffffe0][0xffffff85][0x17]G[0xffffffb6][0xffffffac]s[0xffffffe1]{[0xffffff95][0xfffffffc][0x16]1[0xffffffff][0xfffffffd] [0xffffffa5]w[0xffffff90][0xffffffbf]rB[0xffffff8e][0xffffffe8]E[0xffffffb2][0xffffffc1][0xffffff8e][0xffffffd7][0xffffff90][0x13][0xffffff91]wT[0xffffffbc][0x3][0xffffff94][0xfffffff5].pGKar[0xffffffa0]B[0xffffffe7][0xffffffc4][0xffffffbf]O[0xffffff91]g[0xffffffd2][0xffffffb1][0xffffffb8]M[0xffffffc2]Y`[0x1b][0x13][0xfffffff3]E5[0xffffff83][0xffffffc8][0xffffffa5]I[0xc][0xffffff8f]2^C[0x10][0xffffff86]4[0xffffff99][0xffffffdb][0xffffffc9]a[0xffffff82]n_[0xffffff99][0xffffffca][0xffffff9a][0xffffffca][0xffffffd8][0xffffffe5][0xffffff8c]r[0xffffffba];[0xffffffaf][0xffffffca]72[0xffffffc1][0xfffffff5][0xffffffbf][0xffffffbb]R[0xe]Y[0xffffffd2]&[0xffffffaf]Y[0xffffffc6]tr[0xffffffa9][0xffffffdc][0xe][0xffffffb2][0xffffff8c][0xffffffac][0xffffffa8][0xffffffa4]_[0x12][0xffffffe3]V[0xffffff97]U[0xffffff93][0xffffff85][0xffffffe5]=[0xffffffe4]$[0x1c]J[0x8]([0xffffffb8][0xffffff96][0xffffffd2][0xffffffe7]:[0xffffffda]N[0xffffffb8][0xffffff8c]/t[0xffffffd6]6[0x1d][0xffffffe1][0xffffff9c]"[0xffffff83][0xffffffc9][0x8] ]Jb[0x0][0xffffffdf][0xffffffb2][0xffffff88]Q[0xfffffffb]x[0xffffffbf][0x15][0xffffffcd][0xffffff81][0xfffffffc][0xffffff8d]-<[0xffffffe4]0[0x8][0x5][0x5][0xffffff84]Q[0xffffffec]}[0xffffffd5][0xffffff9c]QP[0xffffffc5]][0xffffffa7]QPe[0x16][0xffffff8e]ym[0x14][0xffffffb8][0x6][0xffffffc7][0x1e]K[0xffffffdd][0xffffffab][0xffffff90]|E[0xffffffea][0xffffffd2]7R[0xffffffc4]+[0xffffffd1][0x1e]d[0xfffffff0][0xc][0xffffffff][0x11][0xffffffa3][0xffffffb0]<[0xffffff9d][0xffffff9f][0xffffff88][0xffffffbf][0xfffffff4][0xffffffc8][0xffffffbb]-[0xffffffba]H[0xffffffc8][[0xffffffc9][0xffffff95]Qq][0xfffffff6]-[0xffffff94]S[0xffffff91][0xffffff91][0xffffff91][0xffffffef]j[0xffffffe2]yA3[0xffffff93][0xfffffff0][0x1d]-[0xb][0xffffffcb][0xffffffe0][\n]"
20:33:47.644 [main] DEBUG org.apache.hc.client5.http.wire http-outgoing-0 << "[0xffffffbb][0xffffff98][0x10]Z[0xffffffd4][0xffffffbc][0xffffffc6][0xffffffd9]`[0xffffffc9]7>[0x9][0x1c]yf[0xffffffe7][0xf]N[0xffffffd3][0xffffffba][0xffffff92][0xfffffff0][0x15]>^%-[0xffffff95]'[0xffffffea]S[0xb]:[0xffffffb4][0xffffffa7][0x15]5[0xffffff96]Sk)=]l[0xffffff85]T[0xfffffffe][0xffffffd4][0xffffff95][0xfffffff4]T[0xffffff9b]-[0xffffffce]$[0xffffffaa]t;[0xffffffac][0xffffffa4]'/([0xffffffdf][0x12][0xffffff92]-%[0xfffffffe]7[0xffffffdf][0xffffffae]/[0xfffffff0][0xffffffd4]in[0xffffff87][0xffffffe3][0xf]u[0xfffffff3][0xffffff94][0x7][0xffffff9c][0xffffffea]i[0x5][0xffffffe0]<[0xffffffba][0xffffffb0]#%[0xffffffaf][0xffffffae][0xffffffa8])[0xffffffe9][0x5]Q/[0xffffffc0][0xc]Y[0xffffffc8]#[0xffffffdb][0xfffffff0]L,[0xffffff8b][0xffffff83]G[0xffffffd0][0xffffffa2][0xffffffd0][0xffffffd1]N*[0xfffffff0]?l[0x1d]d@[0xffffffbe][0x15][0x0][0x0]"
20:33:47.651 [main] DEBUG org.apache.hc.client5.http.impl.classic.InternalHttpClient ep-0000000001 releasing valid endpoint
20:33:47.651 [main] DEBUG org.apache.hc.client5.http.impl.io.PoolingHttpClientConnectionManager ep-0000000001 releasing endpoint
20:33:47.651 [main] DEBUG org.apache.hc.client5.http.impl.io.PoolingHttpClientConnectionManager ep-0000000001 connection http-outgoing-0 can be kept alive for 3 MINUTES
20:33:47.652 [main] DEBUG org.apache.hc.client5.http.impl.io.PoolingHttpClientConnectionManager ep-0000000001 connection released [route: {s}->[https://raw.githubusercontent.com:443]][total available: 1; route allocated: 1 of 5; total allocated: 1 of 25]
20:33:47.652 [main] DEBUG io.github.bonigarcia.wdm.versions.VersionDetector Detecting chrome version using online commands.properties
20:33:47.657 [main] DEBUG io.github.bonigarcia.wdm.versions.Shell Running command on the shell: [powershell.exe, -Command, (Get-Item "${env:PROGRAMFILES}\Google\Chrome\Application\chrome.exe").VersionInfo.ProductVersion]
20:33:48.560 [main] DEBUG io.github.bonigarcia.wdm.cache.ResolutionCache Resolution chrome143=143.0.7499.169 in cache (valid until 16:02:29 30/12/2025 IST)
20:33:48.561 [main] INFO  io.github.bonigarcia.wdm.WebDriverManager Using chromedriver 143.0.7499.169 (resolved driver for Chrome 143)
20:33:48.563 [main] DEBUG io.github.bonigarcia.wdm.cache.ResolutionCache Storing resolution chrome=143 in cache (valid until 21:33:48 29/12/2025 IST)
20:33:48.586 [main] DEBUG io.github.bonigarcia.wdm.WebDriverManager Driver chromedriver 143.0.7499.169 found in cache
20:33:48.587 [main] INFO  io.github.bonigarcia.wdm.WebDriverManager Exporting webdriver.chrome.driver as C:\Users\HP\.cache\selenium\chromedriver\win64\143.0.7499.169\chromedriver.exe
20:33:51.621 [main] INFO  testCases.TC002_LoginTest **** Starting TC002_LoginTest *****
20:33:56.455 [main] INFO  testCases.TC002_LoginTest **** Finished TC002_LoginTest ****
]]></system-out>
    <system-err><![CDATA[Dec 29, 2025 8:33:51 PM org.openqa.selenium.devtools.CdpVersionFinder findNearestMatch
WARNING: Unable to find an exact match for CDP version 143, returning the closest version; found: 139; Please update to a Selenium version that supports CDP version 143
]]></system-err>
  </testcase>
</testsuite>