<?xml version="1.0" encoding="UTF-8"?>
<testsuite xmlns:xsi="http://www.w3.org/2001/XMLSchema-instance" xsi:noNamespaceSchemaLocation="https://maven.apache.org/surefire/maven-surefire-plugin/xsd/surefire-test-report.xsd" version="3.0.2" name="TestSuite" time="68.095" tests="7" errors="0" skipped="0" failures="2">
  <properties>
[...]
</properties>
  <testcase name="verify_account_registration" classname="testCases.TC001_AccountRegistrationTest" time="11.465">
    <system-out><![CDATA[10:45:23.771 [main] DEBUG org.testng.TestNG suiteXmlPath: "C:\Users\HP\eclipse-workspace\Automation\master.xml"
10:45:24.611 [main] DEBUG io.github.bonigarcia.wdm.WebDriverManager Using WebDriverManager 6.3.2
10:45:25.238 [main] DEBUG io.github.bonigarcia.wdm.cache.ResolutionCache Resolution chrome=144 in cache (valid until 11:39:28 18/01/2026 IST)
10:45:25.240 [main] DEBUG io.github.bonigarcia.wdm.cache.ResolutionCache Resolution chrome144=144.0.7559.31 in cache (valid until 16:04:47 18/01/2026 IST)
10:45:25.249 [main] INFO  io.github.bonigarcia.wdm.WebDriverManager Using chromedriver 144.0.7559.31 (resolved driver for Chrome 144)
10:45:25.276 [main] DEBUG io.github.bonigarcia.wdm.WebDriverManager Driver chromedriver 144.0.7559.31 found in cache
10:45:25.279 [main] INFO  io.github.bonigarcia.wdm.WebDriverManager Exporting webdriver.chrome.driver as C:\Users\HP\.cache\selenium\chromedriver\win64\144.0.7559.31\chromedriver.exe
10:45:27.903 [main] INFO  testCases.TC001_AccountRegistrationTest ****** Started TC001_AccountRegistrationTest ******
10:45:32.925 [main] INFO  testCases.TC001_AccountRegistrationTest Providing customer details....
10:45:33.862 [main] INFO  testCases.TC001_AccountRegistrationTest Validating expected message...
10:45:39.325 [main] INFO  testCases.TC001_AccountRegistrationTest ***** Finished TC001_AccountRegistrationTest *****
]]></system-out>
    <system-err><![CDATA[Jan 18, 2026 10:45:27 AM org.openqa.selenium.devtools.CdpVersionFinder findNearestMatch
WARNING: Unable to find CDP implementation matching 144
Jan 18, 2026 10:45:27 AM org.openqa.selenium.chromium.ChromiumDriver lambda$new$4
WARNING: Unable to find version of CDP to use for 144.0.7559.59. You may need to include a dependency on a specific version of the CDP using something similar to `org.seleniumhq.selenium:selenium-devtools-v86:4.35.0` where the version ("v86") matches the version of the chromium-based browser you're using and the version number of the artifact is the same as Selenium's.
]]></system-err>
  </testcase>
  <testcase name="verify_Login" classname="testCases.TC002_LoginTest" time="3.261">
    <system-out><![CDATA[10:45:39.763 [main] DEBUG io.github.bonigarcia.wdm.WebDriverManager Using WebDriverManager 6.3.2
10:45:39.779 [main] DEBUG io.github.bonigarcia.wdm.cache.ResolutionCache Resolution chrome=144 in cache (valid until 11:39:28 18/01/2026 IST)
10:45:39.781 [main] DEBUG io.github.bonigarcia.wdm.cache.ResolutionCache Resolution chrome144=144.0.7559.31 in cache (valid until 16:04:47 18/01/2026 IST)
10:45:39.782 [main] INFO  io.github.bonigarcia.wdm.WebDriverManager Using chromedriver 144.0.7559.31 (resolved driver for Chrome 144)
10:45:39.799 [main] DEBUG io.github.bonigarcia.wdm.WebDriverManager Driver chromedriver 144.0.7559.31 found in cache
10:45:39.801 [main] INFO  io.github.bonigarcia.wdm.WebDriverManager Exporting webdriver.chrome.driver as C:\Users\HP\.cache\selenium\chromedriver\win64\144.0.7559.31\chromedriver.exe
10:45:41.058 [main] INFO  testCases.TC002_LoginTest **** Starting TC002_LoginTest *****
10:45:44.316 [main] INFO  testCases.TC002_LoginTest **** Finished TC002_LoginTest ****
]]></system-out>
    <system-err><![CDATA[Jan 18, 2026 10:45:40 AM org.openqa.selenium.devtools.CdpVersionFinder findNearestMatch
WARNING: Unable to find CDP implementation matching 144
Jan 18, 2026 10:45:40 AM org.openqa.selenium.chromium.ChromiumDriver lambda$new$4
WARNING: Unable to find version of CDP to use for 144.0.7559.59. You may need to include a dependency on a specific version of the CDP using something similar to `org.seleniumhq.selenium:selenium-devtools-v86:4.35.0` where the version ("v86") matches the version of the chromium-based browser you're using and the version number of the artifact is the same as Selenium's.
]]></system-err>
  </testcase>
  <testcase name="verify_Account_Registration_Page" classname="testCases.TC_RF_001" time="3.006">
    <system-out><![CDATA[10:45:44.566 [main] DEBUG io.github.bonigarcia.wdm.WebDriverManager Using WebDriverManager 6.3.2
10:45:44.602 [main] DEBUG io.github.bonigarcia.wdm.cache.ResolutionCache Resolution chrome=144 in cache (valid until 11:39:28 18/01/2026 IST)
10:45:44.603 [main] DEBUG io.github.bonigarcia.wdm.cache.ResolutionCache Resolution chrome144=144.0.7559.31 in cache (valid until 16:04:47 18/01/2026 IST)
10:45:44.604 [main] INFO  io.github.bonigarcia.wdm.WebDriverManager Using chromedriver 144.0.7559.31 (resolved driver for Chrome 144)
10:45:44.623 [main] DEBUG io.github.bonigarcia.wdm.WebDriverManager Driver chromedriver 144.0.7559.31 found in cache
10:45:44.625 [main] INFO  io.github.bonigarcia.wdm.WebDriverManager Exporting webdriver.chrome.driver as C:\Users\HP\.cache\selenium\chromedriver\win64\144.0.7559.31\chromedriver.exe
10:45:45.633 [main] INFO  testCases.TC_RF_001 ******* Started TC_RF_001_Account_Registration ********
10:45:46.824 [main] INFO  testCases.TC_RF_001 Providing customer details....
10:45:48.587 [main] INFO  testCases.TC_RF_001 Validating expected message...
10:45:48.636 [main] INFO  testCases.TC_RF_001 ****** Finished TC_RF_001_Account_Registration ******
]]></system-out>
    <system-err><![CDATA[Jan 18, 2026 10:45:45 AM org.openqa.selenium.devtools.CdpVersionFinder findNearestMatch
WARNING: Unable to find CDP implementation matching 144
Jan 18, 2026 10:45:45 AM org.openqa.selenium.chromium.ChromiumDriver lambda$new$4
WARNING: Unable to find version of CDP to use for 144.0.7559.59. You may need to include a dependency on a specific version of the CDP using something similar to `org.seleniumhq.selenium:selenium-devtools-v86:4.35.0` where the version ("v86") matches the version of the chromium-based browser you're using and the version number of the artifact is the same as Selenium's.
]]></system-err>
  </testcase>
  <testcase name="verify_AmazonLoginSucessfull" classname="testCases.TC005_AmazonHomePage" time="6.099">
    <system-out><![CDATA[10:45:48.865 [main] DEBUG io.github.bonigarcia.wdm.WebDriverManager Using WebDriverManager 6.3.2
10:45:48.881 [main] DEBUG io.github.bonigarcia.wdm.cache.ResolutionCache Resolution chrome=144 in cache (valid until 11:39:28 18/01/2026 IST)
10:45:48.881 [main] DEBUG io.github.bonigarcia.wdm.cache.ResolutionCache Resolution chrome144=144.0.7559.31 in cache (valid until 16:04:47 18/01/2026 IST)
10:45:48.881 [main] INFO  io.github.bonigarcia.wdm.WebDriverManager Using chromedriver 144.0.7559.31 (resolved driver for Chrome 144)
10:45:48.898 [main] DEBUG io.github.bonigarcia.wdm.WebDriverManager Driver chromedriver 144.0.7559.31 found in cache
10:45:48.899 [main] INFO  io.github.bonigarcia.wdm.WebDriverManager Exporting webdriver.chrome.driver as C:\Users\HP\.cache\selenium\chromedriver\win64\144.0.7559.31\chromedriver.exe
10:45:49.962 [main] INFO  testCases.TC005_AmazonHomePage ***** Starting TC005_AmazonHomaPage *****
10:45:51.798 [main] INFO  testCases.TC005_AmazonHomePage Providing customer details....
10:45:56.019 [main] INFO  testCases.TC005_AmazonHomePage Validating HomaPage Header...
]]></system-out>
    <system-err><![CDATA[Jan 18, 2026 10:45:49 AM org.openqa.selenium.devtools.CdpVersionFinder findNearestMatch
WARNING: Unable to find CDP implementation matching 144
Jan 18, 2026 10:45:49 AM org.openqa.selenium.chromium.ChromiumDriver lambda$new$4
WARNING: Unable to find version of CDP to use for 144.0.7559.59. You may need to include a dependency on a specific version of the CDP using something similar to `org.seleniumhq.selenium:selenium-devtools-v86:4.35.0` where the version ("v86") matches the version of the chromium-based browser you're using and the version number of the artifact is the same as Selenium's.
]]></system-err>
  </testcase>
  <testcase name="verify_loginDDT" classname="testCases.TC003_LoginDDT" time="7.734">
    <failure message="java.io.FileNotFoundException: .\Software Testing\Manual Testing\Test data.xlsx (The system cannot find the path specified)" type="java.lang.RuntimeException"><![CDATA[java.lang.RuntimeException: java.io.FileNotFoundException: .\Software Testing\Manual Testing\Test data.xlsx (The system cannot find the path specified)
	at org.testng.internal.invokers.MethodInvocationHelper.invokeMethodNoCheckedException(MethodInvocationHelper.java:58)
	at org.testng.internal.invokers.MethodInvocationHelper.invokeDataProvider(MethodInvocationHelper.java:159)
	at org.testng.internal.Parameters.handleParameters(Parameters.java:809)
	at org.testng.internal.Parameters.handleParameters(Parameters.java:734)
	at org.testng.internal.invokers.ParameterHandler.handleParameters(ParameterHandler.java:72)
	at org.testng.internal.invokers.ParameterHandler.createParameters(ParameterHandler.java:51)
	at org.testng.internal.invokers.TestInvoker$MethodInvocationAgent.invoke(TestInvoker.java:946)
	at org.testng.internal.invokers.TestInvoker.invokeTestMethods(TestInvoker.java:203)
	at org.testng.internal.invokers.TestMethodWorker.invokeTestMethods(TestMethodWorker.java:154)
	at org.testng.internal.invokers.TestMethodWorker.run(TestMethodWorker.java:134)
	at java.base/java.util.ArrayList.forEach(ArrayList.java:1596)
	at org.testng.TestRunner.privateRun(TestRunner.java:739)
	at org.testng.TestRunner.run(TestRunner.java:614)
	at org.testng.SuiteRunner.runTest(SuiteRunner.java:421)
	at org.testng.SuiteRunner.runSequentially(SuiteRunner.java:413)
	at org.testng.SuiteRunner.privateRun(SuiteRunner.java:373)
	at org.testng.SuiteRunner.run(SuiteRunner.java:312)
	at org.testng.SuiteRunnerWorker.runSuite(SuiteRunnerWorker.java:52)
	at org.testng.SuiteRunnerWorker.run(SuiteRunnerWorker.java:95)
	at org.testng.TestNG.runSuitesSequentially(TestNG.java:1274)
	at org.testng.TestNG.runSuitesLocally(TestNG.java:1208)
	at org.testng.TestNG.runSuites(TestNG.java:1112)
	at org.testng.TestNG.run(TestNG.java:1079)
	at org.apache.maven.surefire.testng.TestNGExecutor.run(TestNGExecutor.java:308)
	at org.apache.maven.surefire.testng.TestNGXmlTestSuite.execute(TestNGXmlTestSuite.java:71)
	at org.apache.maven.surefire.testng.TestNGProvider.invoke(TestNGProvider.java:113)
	at org.apache.maven.surefire.booter.ForkedBooter.runSuitesInProcess(ForkedBooter.java:385)
	at org.apache.maven.surefire.booter.ForkedBooter.execute(ForkedBooter.java:162)
	at org.apache.maven.surefire.booter.ForkedBooter.run(ForkedBooter.java:507)
	at org.apache.maven.surefire.booter.ForkedBooter.main(ForkedBooter.java:495)
Caused by: java.io.FileNotFoundException: .\Software Testing\Manual Testing\Test data.xlsx (The system cannot find the path specified)
	at java.base/java.io.FileInputStream.open0(Native Method)
	at java.base/java.io.FileInputStream.open(FileInputStream.java:213)
	at java.base/java.io.FileInputStream.<init>(FileInputStream.java:152)
	at java.base/java.io.FileInputStream.<init>(FileInputStream.java:106)
	at utilities.ExcelUtility.getRowCount(ExcelUtility.java:32)
	at utilities.DataProviders.getData(DataProviders.java:14)
	at java.base/jdk.internal.reflect.DirectMethodHandleAccessor.invoke(DirectMethodHandleAccessor.java:103)
	at java.base/java.lang.reflect.Method.invoke(Method.java:580)
	at org.testng.internal.invokers.MethodInvocationHelper.invokeMethod(MethodInvocationHelper.java:141)
	at org.testng.internal.invokers.MethodInvocationHelper.invokeMethod(MethodInvocationHelper.java:86)
	at org.testng.internal.invokers.MethodInvocationHelper.invokeMethodNoCheckedException(MethodInvocationHelper.java:54)
	... 29 more
]]></failure>
    <system-out><![CDATA[10:45:56.342 [main] DEBUG io.github.bonigarcia.wdm.WebDriverManager Using WebDriverManager 6.3.2
10:45:56.356 [main] DEBUG io.github.bonigarcia.wdm.cache.ResolutionCache Resolution chrome=144 in cache (valid until 11:39:28 18/01/2026 IST)
10:45:56.357 [main] DEBUG io.github.bonigarcia.wdm.cache.ResolutionCache Resolution chrome144=144.0.7559.31 in cache (valid until 16:04:47 18/01/2026 IST)
10:45:56.357 [main] INFO  io.github.bonigarcia.wdm.WebDriverManager Using chromedriver 144.0.7559.31 (resolved driver for Chrome 144)
10:45:56.370 [main] DEBUG io.github.bonigarcia.wdm.WebDriverManager Driver chromedriver 144.0.7559.31 found in cache
10:45:56.371 [main] INFO  io.github.bonigarcia.wdm.WebDriverManager Exporting webdriver.chrome.driver as C:\Users\HP\.cache\selenium\chromedriver\win64\144.0.7559.31\chromedriver.exe
]]></system-out>
    <system-err><![CDATA[Jan 18, 2026 10:45:57 AM org.openqa.selenium.devtools.CdpVersionFinder findNearestMatch
WARNING: Unable to find CDP implementation matching 144
Jan 18, 2026 10:45:57 AM org.openqa.selenium.chromium.ChromiumDriver lambda$new$4
WARNING: Unable to find version of CDP to use for 144.0.7559.59. You may need to include a dependency on a specific version of the CDP using something similar to `org.seleniumhq.selenium:selenium-devtools-v86:4.35.0` where the version ("v86") matches the version of the chromium-based browser you're using and the version number of the artifact is the same as Selenium's.
]]></system-err>
  </testcase>
  <testcase name="verify_productAddedToCart" classname="testCases.TC006_ClickOnProductAndAddToCart" time="8.859">
    <system-out><![CDATA[10:45:58.007 [main] DEBUG io.github.bonigarcia.wdm.WebDriverManager Using WebDriverManager 6.3.2
10:45:58.024 [main] DEBUG io.github.bonigarcia.wdm.cache.ResolutionCache Resolution chrome=144 in cache (valid until 11:39:28 18/01/2026 IST)
10:45:58.025 [main] DEBUG io.github.bonigarcia.wdm.cache.ResolutionCache Resolution chrome144=144.0.7559.31 in cache (valid until 16:04:47 18/01/2026 IST)
10:45:58.025 [main] INFO  io.github.bonigarcia.wdm.WebDriverManager Using chromedriver 144.0.7559.31 (resolved driver for Chrome 144)
10:45:58.045 [main] DEBUG io.github.bonigarcia.wdm.WebDriverManager Driver chromedriver 144.0.7559.31 found in cache
10:45:58.047 [main] INFO  io.github.bonigarcia.wdm.WebDriverManager Exporting webdriver.chrome.driver as C:\Users\HP\.cache\selenium\chromedriver\win64\144.0.7559.31\chromedriver.exe
10:45:58.975 [main] INFO  testCases.TC006_ClickOnProductAndAddToCart ***** Starting TC006_ClickOnProductAndAddToCart *****
10:46:00.539 [main] INFO  testCases.TC006_ClickOnProductAndAddToCart Providing customer details....
10:46:04.721 [main] INFO  testCases.TC006_ClickOnProductAndAddToCart Providing product details and Add to cart....
10:46:07.833 [main] INFO  testCases.TC006_ClickOnProductAndAddToCart Sucessfully click on add to cart....
10:46:07.833 [main] INFO  testCases.TC006_ClickOnProductAndAddToCart ***** Finished TC006_ClickOnProductAndAddToCart *****
]]></system-out>
    <system-err><![CDATA[Jan 18, 2026 10:45:58 AM org.openqa.selenium.devtools.CdpVersionFinder findNearestMatch
WARNING: Unable to find CDP implementation matching 144
Jan 18, 2026 10:45:58 AM org.openqa.selenium.chromium.ChromiumDriver lambda$new$4
WARNING: Unable to find version of CDP to use for 144.0.7559.59. You may need to include a dependency on a specific version of the CDP using something similar to `org.seleniumhq.selenium:selenium-devtools-v86:4.35.0` where the version ("v86") matches the version of the chromium-based browser you're using and the version number of the artifact is the same as Selenium's.
]]></system-err>
  </testcase>
  <testcase name="verify_ProductAddedToCart" classname="testCases.TC007_ProductAddedToCart" time="19.106">
    <failure message="null" type="java.lang.AssertionError"><![CDATA[java.lang.AssertionError: null
	at org.testng.Assert.fail(Assert.java:111)
	at org.testng.Assert.fail(Assert.java:116)
	at testCases.TC007_ProductAddedToCart.verify_ProductAddedToCart(TC007_ProductAddedToCart.java:29)
	at java.base/jdk.internal.reflect.DirectMethodHandleAccessor.invoke(DirectMethodHandleAccessor.java:103)
	at java.base/java.lang.reflect.Method.invoke(Method.java:580)
	at org.testng.internal.invokers.MethodInvocationHelper.invokeMethod(MethodInvocationHelper.java:141)
	at org.testng.internal.invokers.TestInvoker.invokeMethod(TestInvoker.java:686)
	at org.testng.internal.invokers.TestInvoker.invokeTestMethod(TestInvoker.java:230)
	at org.testng.internal.invokers.MethodRunner.runInSequence(MethodRunner.java:63)
	at org.testng.internal.invokers.TestInvoker$MethodInvocationAgent.invoke(TestInvoker.java:992)
	at org.testng.internal.invokers.TestInvoker.invokeTestMethods(TestInvoker.java:203)
	at org.testng.internal.invokers.TestMethodWorker.invokeTestMethods(TestMethodWorker.java:154)
	at org.testng.internal.invokers.TestMethodWorker.run(TestMethodWorker.java:134)
	at java.base/java.util.ArrayList.forEach(ArrayList.java:1596)
	at org.testng.TestRunner.privateRun(TestRunner.java:739)
	at org.testng.TestRunner.run(TestRunner.java:614)
	at org.testng.SuiteRunner.runTest(SuiteRunner.java:421)
	at org.testng.SuiteRunner.runSequentially(SuiteRunner.java:413)
	at org.testng.SuiteRunner.privateRun(SuiteRunner.java:373)
	at org.testng.SuiteRunner.run(SuiteRunner.java:312)
	at org.testng.SuiteRunnerWorker.runSuite(SuiteRunnerWorker.java:52)
	at org.testng.SuiteRunnerWorker.run(SuiteRunnerWorker.java:95)
	at org.testng.TestNG.runSuitesSequentially(TestNG.java:1274)
	at org.testng.TestNG.runSuitesLocally(TestNG.java:1208)
	at org.testng.TestNG.runSuites(TestNG.java:1112)
	at org.testng.TestNG.run(TestNG.java:1079)
	at org.apache.maven.surefire.testng.TestNGExecutor.run(TestNGExecutor.java:308)
	at org.apache.maven.surefire.testng.TestNGXmlTestSuite.execute(TestNGXmlTestSuite.java:71)
	at org.apache.maven.surefire.testng.TestNGProvider.invoke(TestNGProvider.java:113)
	at org.apache.maven.surefire.booter.ForkedBooter.runSuitesInProcess(ForkedBooter.java:385)
	at org.apache.maven.surefire.booter.ForkedBooter.execute(ForkedBooter.java:162)
	at org.apache.maven.surefire.booter.ForkedBooter.run(ForkedBooter.java:507)
	at org.apache.maven.surefire.booter.ForkedBooter.main(ForkedBooter.java:495)
]]></failure>
    <system-out><![CDATA[10:46:08.203 [main] DEBUG io.github.bonigarcia.wdm.WebDriverManager Using WebDriverManager 6.3.2
10:46:08.218 [main] DEBUG io.github.bonigarcia.wdm.cache.ResolutionCache Resolution chrome=144 in cache (valid until 11:39:28 18/01/2026 IST)
10:46:08.219 [main] DEBUG io.github.bonigarcia.wdm.cache.ResolutionCache Resolution chrome144=144.0.7559.31 in cache (valid until 16:04:47 18/01/2026 IST)
10:46:08.221 [main] INFO  io.github.bonigarcia.wdm.WebDriverManager Using chromedriver 144.0.7559.31 (resolved driver for Chrome 144)
10:46:08.244 [main] DEBUG io.github.bonigarcia.wdm.WebDriverManager Driver chromedriver 144.0.7559.31 found in cache
10:46:08.245 [main] INFO  io.github.bonigarcia.wdm.WebDriverManager Exporting webdriver.chrome.driver as C:\Users\HP\.cache\selenium\chromedriver\win64\144.0.7559.31\chromedriver.exe
10:46:09.372 [main] INFO  testCases.TC007_ProductAddedToCart ***** Starting TC007_ProductAddedToCart *****
]]></system-out>
    <system-err><![CDATA[Jan 18, 2026 10:46:09 AM org.openqa.selenium.devtools.CdpVersionFinder findNearestMatch
WARNING: Unable to find CDP implementation matching 144
Jan 18, 2026 10:46:09 AM org.openqa.selenium.chromium.ChromiumDriver lambda$new$4
WARNING: Unable to find version of CDP to use for 144.0.7559.59. You may need to include a dependency on a specific version of the CDP using something similar to `org.seleniumhq.selenium:selenium-devtools-v86:4.35.0` where the version ("v86") matches the version of the chromium-based browser you're using and the version number of the artifact is the same as Selenium's.
]]></system-err>
  </testcase>
</testsuite>