<?xml version="1.0" encoding="UTF-8"?>
<testng-results ignored="0" total="1" passed="1" failed="0" skipped="0">
  <reporter-output>
  </reporter-output>
  <suite started-at="2026-01-17T21:01:01 IST" name="Master Suite" finished-at="2026-01-17T21:01:24 IST" duration-ms="23136">
    <groups>
      <group name="Master">
        <method signature="TC006_ClickOnProductAndAddToCart.verify_productAddedToCart()[pri:0, instance:testCases.TC006_ClickOnProductAndAddToCart@3f363cf5]" name="verify_productAddedToCart" class="testCases.TC006_ClickOnProductAndAddToCart"/>
      </group> <!-- Master -->
      <group name="Regression">
        <method signature="TC006_ClickOnProductAndAddToCart.verify_productAddedToCart()[pri:0, instance:testCases.TC006_ClickOnProductAndAddToCart@3f363cf5]" name="verify_productAddedToCart" class="testCases.TC006_ClickOnProductAndAddToCart"/>
      </group> <!-- Regression -->
    </groups>
    <test started-at="2026-01-17T21:01:01 IST" name="Test" finished-at="2026-01-17T21:01:24 IST" duration-ms="23136">
      <class name="testCases.TC006_ClickOnProductAndAddToCart">
        <test-method is-config="true" signature="setup(java.lang.String,java.lang.String)[pri:0, instance:testCases.TC006_ClickOnProductAndAddToCart@3f363cf5]" started-at="2026-01-17T21:01:01 IST" name="setup" finished-at="2026-01-17T21:01:03 IST" duration-ms="2072" status="PASS">
          <params>
            <param index="0">
              <value>
                <![CDATA[windows]]>
              </value>
            </param>
            <param index="1">
              <value>
                <![CDATA[chrome]]>
              </value>
            </param>
          </params>
          <reporter-output>
          </reporter-output>
        </test-method> <!-- setup -->
        <test-method signature="verify_productAddedToCart()[pri:0, instance:testCases.TC006_ClickOnProductAndAddToCart@3f363cf5]" started-at="2026-01-17T21:01:03 IST" name="verify_productAddedToCart" finished-at="2026-01-17T21:01:24 IST" duration-ms="20427" status="PASS">
          <reporter-output>
          </reporter-output>
        </test-method> <!-- verify_productAddedToCart -->
        <test-method is-config="true" signature="teardown()[pri:0, instance:testCases.TC006_ClickOnProductAndAddToCart@3f363cf5]" started-at="2026-01-17T21:01:24 IST" name="teardown" finished-at="2026-01-17T21:01:24 IST" duration-ms="342" status="PASS">
          <reporter-output>
          </reporter-output>
        </test-method> <!-- teardown -->
      </class> <!-- testCases.TC006_ClickOnProductAndAddToCart -->
    </test> <!-- Test -->
  </suite> <!-- Master Suite -->
</testng-results>
