<?xml version="1.0" encoding="UTF-8"?>
<!-- Generated by org.testng.reporters.JUnitReportReporter -->
<testsuite hostname="DESKTOP-72A8A38" failures="0" tests="2" name="testCases.TC001_AccountRegistrationTest" time="36.860" errors="0" timestamp="2026-01-17T16:27:33 IST" skipped="0">
  <testcase classname="testCases.TC001_AccountRegistrationTest" name="verify_account_registration" time="17.637"/>
  <testcase classname="testCases.TC001_AccountRegistrationTest" name="verify_account_registration" time="19.223"/>
</testsuite> <!-- testCases.TC001_AccountRegistrationTest -->
